Determining if the pthread_create exist failed with the following output:
Change Dir: /home/pooya/tmp/s/s/ikaros-project-ikaros-b84ca82/Build/CMakeFiles/CMakeTmp

Run Build Command:/usr/bin/make "cmTryCompileExec2745573236/fast"
/usr/bin/make -f CMakeFiles/cmTryCompileExec2745573236.dir/build.make CMakeFiles/cmTryCompileExec2745573236.dir/build
make[1]: Entering directory `/home/pooya/tmp/s/s/ikaros-project-ikaros-b84ca82/Build/CMakeFiles/CMakeTmp'
/usr/bin/cmake -E cmake_progress_report /home/pooya/tmp/s/s/ikaros-project-ikaros-b84ca82/Build/CMakeFiles/CMakeTmp/CMakeFiles 1
Building C object CMakeFiles/cmTryCompileExec2745573236.dir/CheckSymbolExists.c.o
/usr/bin/cc    -o CMakeFiles/cmTryCompileExec2745573236.dir/CheckSymbolExists.c.o   -c /home/pooya/tmp/s/s/ikaros-project-ikaros-b84ca82/Build/CMakeFiles/CMakeTmp/CheckSymbolExists.c
Linking C executable cmTryCompileExec2745573236
/usr/bin/cmake -E cmake_link_script CMakeFiles/cmTryCompileExec2745573236.dir/link.txt --verbose=1
/usr/bin/cc       CMakeFiles/cmTryCompileExec2745573236.dir/CheckSymbolExists.c.o  -o cmTryCompileExec2745573236 -rdynamic 
CMakeFiles/cmTryCompileExec2745573236.dir/CheckSymbolExists.c.o: In function `main':
CheckSymbolExists.c:(.text+0x16): undefined reference to `pthread_create'
make[1]: Leaving directory `/home/pooya/tmp/s/s/ikaros-project-ikaros-b84ca82/Build/CMakeFiles/CMakeTmp'
collect2: error: ld returned 1 exit status
make[1]: *** [cmTryCompileExec2745573236] Error 1
make: *** [cmTryCompileExec2745573236/fast] Error 2

File /home/pooya/tmp/s/s/ikaros-project-ikaros-b84ca82/Build/CMakeFiles/CMakeTmp/CheckSymbolExists.c:
/* */
#include <pthread.h>

int main(int argc, char** argv)
{
  (void)argv;
#ifndef pthread_create
  return ((int*)(&pthread_create))[argc];
#else
  (void)argc;
  return 0;
#endif
}

Determining if the function pthread_create exists in the pthreads failed with the following output:
Change Dir: /home/pooya/tmp/s/s/ikaros-project-ikaros-b84ca82/Build/CMakeFiles/CMakeTmp

Run Build Command:/usr/bin/make "cmTryCompileExec3012097641/fast"
/usr/bin/make -f CMakeFiles/cmTryCompileExec3012097641.dir/build.make CMakeFiles/cmTryCompileExec3012097641.dir/build
make[1]: Entering directory `/home/pooya/tmp/s/s/ikaros-project-ikaros-b84ca82/Build/CMakeFiles/CMakeTmp'
/usr/bin/cmake -E cmake_progress_report /home/pooya/tmp/s/s/ikaros-project-ikaros-b84ca82/Build/CMakeFiles/CMakeTmp/CMakeFiles 1
Building C object CMakeFiles/cmTryCompileExec3012097641.dir/CheckFunctionExists.c.o
/usr/bin/cc   -DCHECK_FUNCTION_EXISTS=pthread_create   -o CMakeFiles/cmTryCompileExec3012097641.dir/CheckFunctionExists.c.o   -c /usr/share/cmake-2.8/Modules/CheckFunctionExists.c
Linking C executable cmTryCompileExec3012097641
/usr/bin/cmake -E cmake_link_script CMakeFiles/cmTryCompileExec3012097641.dir/link.txt --verbose=1
/usr/bin/cc   -DCHECK_FUNCTION_EXISTS=pthread_create    CMakeFiles/cmTryCompileExec3012097641.dir/CheckFunctionExists.c.o  -o cmTryCompileExec3012097641 -rdynamic -lpthreads 
/usr/bin/ld: cannot find -lpthreads
make[1]: Leaving directory `/home/pooya/tmp/s/s/ikaros-project-ikaros-b84ca82/Build/CMakeFiles/CMakeTmp'
collect2: error: ld returned 1 exit status
make[1]: *** [cmTryCompileExec3012097641] Error 1
make: *** [cmTryCompileExec3012097641/fast] Error 2


